{"/home/marceau/code/marceau21/node.js/vidly-api-project-mongoDB/index.js": {"path":"/home/marceau/code/marceau21/node.js/vidly-api-project-mongoDB/index.js","statementMap":{"0":{"start":{"line":5,"column":16},"end":{"line":5,"column":34}},"1":{"start":{"line":6,"column":12},"end":{"line":6,"column":21}},"2":{"start":{"line":7,"column":16},"end":{"line":7,"column":34}},"3":{"start":{"line":9,"column":0},"end":{"line":9,"column":33}},"4":{"start":{"line":10,"column":0},"end":{"line":10,"column":26}},"5":{"start":{"line":11,"column":0},"end":{"line":11,"column":30}},"6":{"start":{"line":12,"column":0},"end":{"line":12,"column":30}},"7":{"start":{"line":13,"column":0},"end":{"line":13,"column":34}},"8":{"start":{"line":31,"column":13},"end":{"line":31,"column":37}},"9":{"start":{"line":32,"column":15},"end":{"line":34,"column":2}},"10":{"start":{"line":33,"column":2},"end":{"line":33,"column":47}},"11":{"start":{"line":39,"column":0},"end":{"line":39,"column":24}}},"fnMap":{"0":{"name":"(anonymous_0)","decl":{"start":{"line":32,"column":32},"end":{"line":32,"column":33}},"loc":{"start":{"line":32,"column":38},"end":{"line":34,"column":1}},"line":32}},"branchMap":{"0":{"loc":{"start":{"line":31,"column":13},"end":{"line":31,"column":37}},"type":"binary-expr","locations":[{"start":{"line":31,"column":13},"end":{"line":31,"column":29}},{"start":{"line":31,"column":33},"end":{"line":31,"column":37}}],"line":31}},"s":{"0":2,"1":2,"2":2,"3":2,"4":2,"5":2,"6":2,"7":2,"8":2,"9":2,"10":2,"11":2},"f":{"0":2},"b":{"0":[2,2]},"_coverageSchema":"1a1c01bbd47fc00a2c39e90264f33305004495a9","hash":"df2abbde160e728f6c05c0fa7e5f32fc0261178d"}
,"/home/marceau/code/marceau21/node.js/vidly-api-project-mongoDB/middleware/admin.js": {"path":"/home/marceau/code/marceau21/node.js/vidly-api-project-mongoDB/middleware/admin.js","statementMap":{"0":{"start":{"line":1,"column":0},"end":{"line":4,"column":2}},"1":{"start":{"line":2,"column":2},"end":{"line":2,"column":70}},"2":{"start":{"line":2,"column":25},"end":{"line":2,"column":70}},"3":{"start":{"line":3,"column":2},"end":{"line":3,"column":9}}},"fnMap":{"0":{"name":"(anonymous_0)","decl":{"start":{"line":1,"column":17},"end":{"line":1,"column":18}},"loc":{"start":{"line":1,"column":43},"end":{"line":4,"column":1}},"line":1}},"branchMap":{"0":{"loc":{"start":{"line":2,"column":2},"end":{"line":2,"column":70}},"type":"if","locations":[{"start":{"line":2,"column":2},"end":{"line":2,"column":70}},{"start":{"line":2,"column":2},"end":{"line":2,"column":70}}],"line":2}},"s":{"0":2,"1":0,"2":0,"3":0},"f":{"0":0},"b":{"0":[0,0]},"_coverageSchema":"1a1c01bbd47fc00a2c39e90264f33305004495a9","hash":"4e2660acd1347599e0d53f6d2415af687e3d0be9"}
,"/home/marceau/code/marceau21/node.js/vidly-api-project-mongoDB/middleware/auth.js": {"path":"/home/marceau/code/marceau21/node.js/vidly-api-project-mongoDB/middleware/auth.js","statementMap":{"0":{"start":{"line":3,"column":12},"end":{"line":3,"column":35}},"1":{"start":{"line":4,"column":15},"end":{"line":4,"column":32}},"2":{"start":{"line":6,"column":0},"end":{"line":18,"column":2}},"3":{"start":{"line":7,"column":16},"end":{"line":7,"column":42}},"4":{"start":{"line":8,"column":2},"end":{"line":8,"column":77}},"5":{"start":{"line":8,"column":13},"end":{"line":8,"column":77}},"6":{"start":{"line":10,"column":2},"end":{"line":17,"column":3}},"7":{"start":{"line":11,"column":20},"end":{"line":11,"column":66}},"8":{"start":{"line":12,"column":4},"end":{"line":12,"column":23}},"9":{"start":{"line":13,"column":4},"end":{"line":13,"column":11}},"10":{"start":{"line":16,"column":4},"end":{"line":16,"column":42}}},"fnMap":{"0":{"name":"(anonymous_0)","decl":{"start":{"line":6,"column":17},"end":{"line":6,"column":18}},"loc":{"start":{"line":6,"column":43},"end":{"line":18,"column":1}},"line":6}},"branchMap":{"0":{"loc":{"start":{"line":8,"column":2},"end":{"line":8,"column":77}},"type":"if","locations":[{"start":{"line":8,"column":2},"end":{"line":8,"column":77}},{"start":{"line":8,"column":2},"end":{"line":8,"column":77}}],"line":8}},"s":{"0":3,"1":3,"2":3,"3":9,"4":9,"5":2,"6":7,"7":7,"8":6,"9":6,"10":1},"f":{"0":9},"b":{"0":[2,7]},"_coverageSchema":"1a1c01bbd47fc00a2c39e90264f33305004495a9","hash":"1331606760f907a5e9a77dbe5e9256af8b8e696b"}
,"/home/marceau/code/marceau21/node.js/vidly-api-project-mongoDB/middleware/error.js": {"path":"/home/marceau/code/marceau21/node.js/vidly-api-project-mongoDB/middleware/error.js","statementMap":{"0":{"start":{"line":2,"column":16},"end":{"line":2,"column":34}},"1":{"start":{"line":4,"column":0},"end":{"line":16,"column":2}},"2":{"start":{"line":6,"column":2},"end":{"line":6,"column":34}},"3":{"start":{"line":15,"column":2},"end":{"line":15,"column":43}}},"fnMap":{"0":{"name":"(anonymous_0)","decl":{"start":{"line":4,"column":17},"end":{"line":4,"column":18}},"loc":{"start":{"line":4,"column":48},"end":{"line":16,"column":1}},"line":4}},"branchMap":{},"s":{"0":2,"1":2,"2":0,"3":0},"f":{"0":0},"b":{},"_coverageSchema":"1a1c01bbd47fc00a2c39e90264f33305004495a9","hash":"ab267fe135fc51c96b3f1558262b6be1ef1b538d"}
,"/home/marceau/code/marceau21/node.js/vidly-api-project-mongoDB/middleware/validateObjectId.js": {"path":"/home/marceau/code/marceau21/node.js/vidly-api-project-mongoDB/middleware/validateObjectId.js","statementMap":{"0":{"start":{"line":1,"column":17},"end":{"line":1,"column":36}},"1":{"start":{"line":3,"column":0},"end":{"line":7,"column":2}},"2":{"start":{"line":4,"column":2},"end":{"line":4,"column":97}},"3":{"start":{"line":4,"column":55},"end":{"line":4,"column":97}},"4":{"start":{"line":6,"column":2},"end":{"line":6,"column":9}}},"fnMap":{"0":{"name":"(anonymous_0)","decl":{"start":{"line":3,"column":17},"end":{"line":3,"column":18}},"loc":{"start":{"line":3,"column":43},"end":{"line":7,"column":1}},"line":3}},"branchMap":{"0":{"loc":{"start":{"line":4,"column":2},"end":{"line":4,"column":97}},"type":"if","locations":[{"start":{"line":4,"column":2},"end":{"line":4,"column":97}},{"start":{"line":4,"column":2},"end":{"line":4,"column":97}}],"line":4}},"s":{"0":2,"1":2,"2":3,"3":1,"4":2},"f":{"0":3},"b":{"0":[1,2]},"_coverageSchema":"1a1c01bbd47fc00a2c39e90264f33305004495a9","hash":"9cd14391c54196d7d87a93203e5fc25706678678"}
,"/home/marceau/code/marceau21/node.js/vidly-api-project-mongoDB/models/customer.js": {"path":"/home/marceau/code/marceau21/node.js/vidly-api-project-mongoDB/models/customer.js","statementMap":{"0":{"start":{"line":1,"column":17},"end":{"line":1,"column":36}},"1":{"start":{"line":2,"column":12},"end":{"line":2,"column":26}},"2":{"start":{"line":4,"column":17},"end":{"line":21,"column":3}},"3":{"start":{"line":23,"column":25},"end":{"line":31,"column":1}},"4":{"start":{"line":24,"column":17},"end":{"line":28,"column":3}},"5":{"start":{"line":30,"column":2},"end":{"line":30,"column":40}},"6":{"start":{"line":34,"column":0},"end":{"line":34,"column":28}},"7":{"start":{"line":35,"column":0},"end":{"line":35,"column":36}}},"fnMap":{"0":{"name":"(anonymous_0)","decl":{"start":{"line":23,"column":25},"end":{"line":23,"column":26}},"loc":{"start":{"line":23,"column":39},"end":{"line":31,"column":1}},"line":23}},"branchMap":{},"s":{"0":2,"1":2,"2":2,"3":2,"4":0,"5":0,"6":2,"7":2},"f":{"0":0},"b":{},"_coverageSchema":"1a1c01bbd47fc00a2c39e90264f33305004495a9","hash":"adb0e20be0ad152770478b68710a17da8602c638"}
,"/home/marceau/code/marceau21/node.js/vidly-api-project-mongoDB/models/genre.js": {"path":"/home/marceau/code/marceau21/node.js/vidly-api-project-mongoDB/models/genre.js","statementMap":{"0":{"start":{"line":1,"column":17},"end":{"line":1,"column":36}},"1":{"start":{"line":2,"column":12},"end":{"line":2,"column":26}},"2":{"start":{"line":5,"column":20},"end":{"line":12,"column":2}},"3":{"start":{"line":14,"column":14},"end":{"line":14,"column":51}},"4":{"start":{"line":31,"column":22},"end":{"line":37,"column":1}},"5":{"start":{"line":32,"column":17},"end":{"line":34,"column":3}},"6":{"start":{"line":36,"column":2},"end":{"line":36,"column":37}},"7":{"start":{"line":40,"column":0},"end":{"line":40,"column":22}},"8":{"start":{"line":41,"column":0},"end":{"line":41,"column":33}},"9":{"start":{"line":42,"column":0},"end":{"line":42,"column":34}}},"fnMap":{"0":{"name":"(anonymous_0)","decl":{"start":{"line":31,"column":22},"end":{"line":31,"column":23}},"loc":{"start":{"line":31,"column":33},"end":{"line":37,"column":1}},"line":31}},"branchMap":{},"s":{"0":2,"1":2,"2":2,"3":2,"4":2,"5":5,"6":5,"7":2,"8":2,"9":2},"f":{"0":5},"b":{},"_coverageSchema":"1a1c01bbd47fc00a2c39e90264f33305004495a9","hash":"8ed9b47341bc7ef208f79f17a25b5b7765f6689a"}
,"/home/marceau/code/marceau21/node.js/vidly-api-project-mongoDB/models/movie.js": {"path":"/home/marceau/code/marceau21/node.js/vidly-api-project-mongoDB/models/movie.js","statementMap":{"0":{"start":{"line":1,"column":17},"end":{"line":1,"column":36}},"1":{"start":{"line":2,"column":12},"end":{"line":2,"column":26}},"2":{"start":{"line":3,"column":0},"end":{"line":3,"column":44}},"3":{"start":{"line":6,"column":4},"end":{"line":6,"column":22}},"4":{"start":{"line":8,"column":14},"end":{"line":32,"column":3}},"5":{"start":{"line":34,"column":22},"end":{"line":43,"column":1}},"6":{"start":{"line":35,"column":17},"end":{"line":40,"column":3}},"7":{"start":{"line":42,"column":2},"end":{"line":42,"column":37}},"8":{"start":{"line":46,"column":0},"end":{"line":46,"column":22}},"9":{"start":{"line":47,"column":0},"end":{"line":47,"column":33}}},"fnMap":{"0":{"name":"(anonymous_0)","decl":{"start":{"line":34,"column":22},"end":{"line":34,"column":23}},"loc":{"start":{"line":34,"column":33},"end":{"line":43,"column":1}},"line":34}},"branchMap":{},"s":{"0":2,"1":2,"2":2,"3":2,"4":2,"5":2,"6":0,"7":0,"8":2,"9":2},"f":{"0":0},"b":{},"_coverageSchema":"1a1c01bbd47fc00a2c39e90264f33305004495a9","hash":"f9bd3de51ada4376855c37423cbb66966f9b0c1b"}
,"/home/marceau/code/marceau21/node.js/vidly-api-project-mongoDB/models/rental.js": {"path":"/home/marceau/code/marceau21/node.js/vidly-api-project-mongoDB/models/rental.js","statementMap":{"0":{"start":{"line":1,"column":17},"end":{"line":1,"column":36}},"1":{"start":{"line":2,"column":12},"end":{"line":2,"column":26}},"2":{"start":{"line":7,"column":15},"end":{"line":59,"column":3}},"3":{"start":{"line":61,"column":23},"end":{"line":68,"column":1}},"4":{"start":{"line":62,"column":17},"end":{"line":65,"column":3}},"5":{"start":{"line":67,"column":2},"end":{"line":67,"column":38}},"6":{"start":{"line":70,"column":0},"end":{"line":70,"column":24}},"7":{"start":{"line":71,"column":0},"end":{"line":71,"column":34}}},"fnMap":{"0":{"name":"(anonymous_0)","decl":{"start":{"line":61,"column":23},"end":{"line":61,"column":24}},"loc":{"start":{"line":61,"column":35},"end":{"line":68,"column":1}},"line":61}},"branchMap":{},"s":{"0":2,"1":2,"2":2,"3":2,"4":0,"5":0,"6":2,"7":2},"f":{"0":0},"b":{},"_coverageSchema":"1a1c01bbd47fc00a2c39e90264f33305004495a9","hash":"33585a6a8556d48879af6403e4b15f900cf63398"}
,"/home/marceau/code/marceau21/node.js/vidly-api-project-mongoDB/models/user.js": {"path":"/home/marceau/code/marceau21/node.js/vidly-api-project-mongoDB/models/user.js","statementMap":{"0":{"start":{"line":1,"column":17},"end":{"line":1,"column":36}},"1":{"start":{"line":2,"column":12},"end":{"line":2,"column":26}},"2":{"start":{"line":3,"column":15},"end":{"line":3,"column":32}},"3":{"start":{"line":4,"column":12},"end":{"line":4,"column":35}},"4":{"start":{"line":6,"column":19},"end":{"line":25,"column":2}},"5":{"start":{"line":27,"column":0},"end":{"line":33,"column":2}},"6":{"start":{"line":28,"column":16},"end":{"line":31,"column":33}},"7":{"start":{"line":32,"column":2},"end":{"line":32,"column":15}},"8":{"start":{"line":35,"column":13},"end":{"line":35,"column":47}},"9":{"start":{"line":37,"column":21},"end":{"line":45,"column":1}},"10":{"start":{"line":38,"column":17},"end":{"line":42,"column":3}},"11":{"start":{"line":44,"column":2},"end":{"line":44,"column":36}},"12":{"start":{"line":47,"column":0},"end":{"line":47,"column":20}},"13":{"start":{"line":48,"column":0},"end":{"line":48,"column":32}}},"fnMap":{"0":{"name":"(anonymous_0)","decl":{"start":{"line":27,"column":39},"end":{"line":27,"column":40}},"loc":{"start":{"line":27,"column":50},"end":{"line":33,"column":1}},"line":27},"1":{"name":"(anonymous_1)","decl":{"start":{"line":37,"column":21},"end":{"line":37,"column":22}},"loc":{"start":{"line":37,"column":31},"end":{"line":45,"column":1}},"line":37}},"branchMap":{},"s":{"0":4,"1":4,"2":4,"3":4,"4":4,"5":4,"6":10,"7":10,"8":4,"9":4,"10":0,"11":0,"12":4,"13":4},"f":{"0":10,"1":0},"b":{},"_coverageSchema":"1a1c01bbd47fc00a2c39e90264f33305004495a9","hash":"a3e445b5aae0ff168a0128ab56b0f44041a4b850"}
,"/home/marceau/code/marceau21/node.js/vidly-api-project-mongoDB/routes/auth.js": {"path":"/home/marceau/code/marceau21/node.js/vidly-api-project-mongoDB/routes/auth.js","statementMap":{"0":{"start":{"line":1,"column":15},"end":{"line":1,"column":32}},"1":{"start":{"line":2,"column":16},"end":{"line":2,"column":34}},"2":{"start":{"line":3,"column":10},"end":{"line":3,"column":27}},"3":{"start":{"line":4,"column":15},"end":{"line":4,"column":31}},"4":{"start":{"line":5,"column":17},"end":{"line":5,"column":36}},"5":{"start":{"line":6,"column":12},"end":{"line":6,"column":26}},"6":{"start":{"line":9,"column":4},"end":{"line":9,"column":29}},"7":{"start":{"line":14,"column":0},"end":{"line":30,"column":3}},"8":{"start":{"line":17,"column":6},"end":{"line":17,"column":24}},"9":{"start":{"line":18,"column":2},"end":{"line":18,"column":67}},"10":{"start":{"line":18,"column":13},"end":{"line":18,"column":67}},"11":{"start":{"line":20,"column":13},"end":{"line":22,"column":4}},"12":{"start":{"line":23,"column":2},"end":{"line":23,"column":70}},"13":{"start":{"line":23,"column":13},"end":{"line":23,"column":70}},"14":{"start":{"line":25,"column":24},"end":{"line":25,"column":78}},"15":{"start":{"line":26,"column":2},"end":{"line":26,"column":79}},"16":{"start":{"line":26,"column":22},"end":{"line":26,"column":79}},"17":{"start":{"line":28,"column":16},"end":{"line":28,"column":40}},"18":{"start":{"line":29,"column":2},"end":{"line":29,"column":18}},"19":{"start":{"line":32,"column":17},"end":{"line":39,"column":1}},"20":{"start":{"line":33,"column":17},"end":{"line":36,"column":3}},"21":{"start":{"line":38,"column":2},"end":{"line":38,"column":35}},"22":{"start":{"line":42,"column":0},"end":{"line":42,"column":24}}},"fnMap":{"0":{"name":"(anonymous_0)","decl":{"start":{"line":14,"column":17},"end":{"line":14,"column":18}},"loc":{"start":{"line":14,"column":37},"end":{"line":30,"column":1}},"line":14},"1":{"name":"(anonymous_1)","decl":{"start":{"line":32,"column":17},"end":{"line":32,"column":18}},"loc":{"start":{"line":32,"column":26},"end":{"line":39,"column":1}},"line":32}},"branchMap":{"0":{"loc":{"start":{"line":18,"column":2},"end":{"line":18,"column":67}},"type":"if","locations":[{"start":{"line":18,"column":2},"end":{"line":18,"column":67}},{"start":{"line":18,"column":2},"end":{"line":18,"column":67}}],"line":18},"1":{"loc":{"start":{"line":23,"column":2},"end":{"line":23,"column":70}},"type":"if","locations":[{"start":{"line":23,"column":2},"end":{"line":23,"column":70}},{"start":{"line":23,"column":2},"end":{"line":23,"column":70}}],"line":23},"2":{"loc":{"start":{"line":26,"column":2},"end":{"line":26,"column":79}},"type":"if","locations":[{"start":{"line":26,"column":2},"end":{"line":26,"column":79}},{"start":{"line":26,"column":2},"end":{"line":26,"column":79}}],"line":26}},"s":{"0":2,"1":2,"2":2,"3":2,"4":2,"5":2,"6":2,"7":2,"8":0,"9":0,"10":0,"11":0,"12":0,"13":0,"14":0,"15":0,"16":0,"17":0,"18":0,"19":2,"20":0,"21":0,"22":2},"f":{"0":0,"1":0},"b":{"0":[0,0],"1":[0,0],"2":[0,0]},"_coverageSchema":"1a1c01bbd47fc00a2c39e90264f33305004495a9","hash":"6fd720c90cc0aa70b24111137c54ca4c07761e07"}
,"/home/marceau/code/marceau21/node.js/vidly-api-project-mongoDB/routes/customers.js": {"path":"/home/marceau/code/marceau21/node.js/vidly-api-project-mongoDB/routes/customers.js","statementMap":{"0":{"start":{"line":1,"column":30},"end":{"line":1,"column":59}},"1":{"start":{"line":2,"column":13},"end":{"line":2,"column":42}},"2":{"start":{"line":3,"column":17},"end":{"line":3,"column":36}},"3":{"start":{"line":4,"column":16},"end":{"line":4,"column":34}},"4":{"start":{"line":5,"column":15},"end":{"line":5,"column":31}},"5":{"start":{"line":8,"column":0},"end":{"line":11,"column":3}},"6":{"start":{"line":9,"column":20},"end":{"line":9,"column":54}},"7":{"start":{"line":10,"column":2},"end":{"line":10,"column":22}},"8":{"start":{"line":13,"column":0},"end":{"line":17,"column":3}},"9":{"start":{"line":14,"column":19},"end":{"line":14,"column":57}},"10":{"start":{"line":15,"column":2},"end":{"line":15,"column":78}},"11":{"start":{"line":15,"column":17},"end":{"line":15,"column":78}},"12":{"start":{"line":16,"column":2},"end":{"line":16,"column":21}},"13":{"start":{"line":19,"column":0},"end":{"line":33,"column":3}},"14":{"start":{"line":22,"column":6},"end":{"line":22,"column":24}},"15":{"start":{"line":23,"column":2},"end":{"line":23,"column":67}},"16":{"start":{"line":23,"column":13},"end":{"line":23,"column":67}},"17":{"start":{"line":25,"column":17},"end":{"line":29,"column":4}},"18":{"start":{"line":30,"column":2},"end":{"line":30,"column":35}},"19":{"start":{"line":32,"column":2},"end":{"line":32,"column":21}},"20":{"start":{"line":35,"column":0},"end":{"line":52,"column":3}},"21":{"start":{"line":38,"column":6},"end":{"line":38,"column":24}},"22":{"start":{"line":39,"column":2},"end":{"line":39,"column":67}},"23":{"start":{"line":39,"column":13},"end":{"line":39,"column":67}},"24":{"start":{"line":41,"column":19},"end":{"line":47,"column":4}},"25":{"start":{"line":49,"column":2},"end":{"line":49,"column":77}},"26":{"start":{"line":49,"column":17},"end":{"line":49,"column":77}},"27":{"start":{"line":51,"column":2},"end":{"line":51,"column":21}},"28":{"start":{"line":54,"column":0},"end":{"line":59,"column":3}},"29":{"start":{"line":55,"column":19},"end":{"line":55,"column":66}},"30":{"start":{"line":56,"column":2},"end":{"line":56,"column":77}},"31":{"start":{"line":56,"column":17},"end":{"line":56,"column":77}},"32":{"start":{"line":58,"column":2},"end":{"line":58,"column":21}},"33":{"start":{"line":61,"column":0},"end":{"line":61,"column":24}}},"fnMap":{"0":{"name":"(anonymous_0)","decl":{"start":{"line":8,"column":16},"end":{"line":8,"column":17}},"loc":{"start":{"line":8,"column":36},"end":{"line":11,"column":1}},"line":8},"1":{"name":"(anonymous_1)","decl":{"start":{"line":13,"column":19},"end":{"line":13,"column":20}},"loc":{"start":{"line":13,"column":39},"end":{"line":17,"column":1}},"line":13},"2":{"name":"(anonymous_2)","decl":{"start":{"line":19,"column":17},"end":{"line":19,"column":18}},"loc":{"start":{"line":19,"column":37},"end":{"line":33,"column":1}},"line":19},"3":{"name":"(anonymous_3)","decl":{"start":{"line":35,"column":25},"end":{"line":35,"column":26}},"loc":{"start":{"line":35,"column":45},"end":{"line":52,"column":1}},"line":35},"4":{"name":"(anonymous_4)","decl":{"start":{"line":54,"column":28},"end":{"line":54,"column":29}},"loc":{"start":{"line":54,"column":48},"end":{"line":59,"column":1}},"line":54}},"branchMap":{"0":{"loc":{"start":{"line":15,"column":2},"end":{"line":15,"column":78}},"type":"if","locations":[{"start":{"line":15,"column":2},"end":{"line":15,"column":78}},{"start":{"line":15,"column":2},"end":{"line":15,"column":78}}],"line":15},"1":{"loc":{"start":{"line":23,"column":2},"end":{"line":23,"column":67}},"type":"if","locations":[{"start":{"line":23,"column":2},"end":{"line":23,"column":67}},{"start":{"line":23,"column":2},"end":{"line":23,"column":67}}],"line":23},"2":{"loc":{"start":{"line":39,"column":2},"end":{"line":39,"column":67}},"type":"if","locations":[{"start":{"line":39,"column":2},"end":{"line":39,"column":67}},{"start":{"line":39,"column":2},"end":{"line":39,"column":67}}],"line":39},"3":{"loc":{"start":{"line":49,"column":2},"end":{"line":49,"column":77}},"type":"if","locations":[{"start":{"line":49,"column":2},"end":{"line":49,"column":77}},{"start":{"line":49,"column":2},"end":{"line":49,"column":77}}],"line":49},"4":{"loc":{"start":{"line":56,"column":2},"end":{"line":56,"column":77}},"type":"if","locations":[{"start":{"line":56,"column":2},"end":{"line":56,"column":77}},{"start":{"line":56,"column":2},"end":{"line":56,"column":77}}],"line":56}},"s":{"0":2,"1":2,"2":2,"3":2,"4":2,"5":2,"6":0,"7":0,"8":2,"9":0,"10":0,"11":0,"12":0,"13":2,"14":0,"15":0,"16":0,"17":0,"18":0,"19":0,"20":2,"21":0,"22":0,"23":0,"24":0,"25":0,"26":0,"27":0,"28":2,"29":0,"30":0,"31":0,"32":0,"33":2},"f":{"0":0,"1":0,"2":0,"3":0,"4":0},"b":{"0":[0,0],"1":[0,0],"2":[0,0],"3":[0,0],"4":[0,0]},"_coverageSchema":"1a1c01bbd47fc00a2c39e90264f33305004495a9","hash":"a04d954b7116cfaab1e9da4620f917d10282ea7b"}
,"/home/marceau/code/marceau21/node.js/vidly-api-project-mongoDB/routes/genres.js": {"path":"/home/marceau/code/marceau21/node.js/vidly-api-project-mongoDB/routes/genres.js","statementMap":{"0":{"start":{"line":4,"column":4},"end":{"line":4,"column":30}},"1":{"start":{"line":5,"column":13},"end":{"line":5,"column":42}},"2":{"start":{"line":6,"column":14},"end":{"line":6,"column":44}},"3":{"start":{"line":7,"column":17},"end":{"line":7,"column":36}},"4":{"start":{"line":8,"column":16},"end":{"line":8,"column":34}},"5":{"start":{"line":9,"column":15},"end":{"line":9,"column":31}},"6":{"start":{"line":10,"column":25},"end":{"line":10,"column":66}},"7":{"start":{"line":14,"column":0},"end":{"line":19,"column":3}},"8":{"start":{"line":17,"column":17},"end":{"line":17,"column":48}},"9":{"start":{"line":18,"column":2},"end":{"line":18,"column":19}},"10":{"start":{"line":21,"column":0},"end":{"line":26,"column":3}},"11":{"start":{"line":22,"column":16},"end":{"line":22,"column":51}},"12":{"start":{"line":23,"column":2},"end":{"line":23,"column":73}},"13":{"start":{"line":23,"column":14},"end":{"line":23,"column":73}},"14":{"start":{"line":25,"column":2},"end":{"line":25,"column":18}},"15":{"start":{"line":30,"column":0},"end":{"line":43,"column":3}},"16":{"start":{"line":33,"column":6},"end":{"line":33,"column":24}},"17":{"start":{"line":34,"column":2},"end":{"line":34,"column":67}},"18":{"start":{"line":34,"column":13},"end":{"line":34,"column":67}},"19":{"start":{"line":36,"column":14},"end":{"line":38,"column":4}},"20":{"start":{"line":40,"column":2},"end":{"line":40,"column":29}},"21":{"start":{"line":41,"column":2},"end":{"line":41,"column":18}},"22":{"start":{"line":47,"column":0},"end":{"line":61,"column":3}},"23":{"start":{"line":50,"column":6},"end":{"line":50,"column":24}},"24":{"start":{"line":51,"column":2},"end":{"line":51,"column":67}},"25":{"start":{"line":51,"column":13},"end":{"line":51,"column":67}},"26":{"start":{"line":52,"column":16},"end":{"line":56,"column":4}},"27":{"start":{"line":58,"column":2},"end":{"line":58,"column":73}},"28":{"start":{"line":58,"column":14},"end":{"line":58,"column":73}},"29":{"start":{"line":60,"column":2},"end":{"line":60,"column":18}},"30":{"start":{"line":67,"column":0},"end":{"line":72,"column":3}},"31":{"start":{"line":68,"column":16},"end":{"line":68,"column":60}},"32":{"start":{"line":69,"column":2},"end":{"line":69,"column":73}},"33":{"start":{"line":69,"column":14},"end":{"line":69,"column":73}},"34":{"start":{"line":71,"column":2},"end":{"line":71,"column":18}},"35":{"start":{"line":75,"column":0},"end":{"line":75,"column":24}}},"fnMap":{"0":{"name":"(anonymous_0)","decl":{"start":{"line":14,"column":16},"end":{"line":14,"column":17}},"loc":{"start":{"line":14,"column":36},"end":{"line":19,"column":1}},"line":14},"1":{"name":"(anonymous_1)","decl":{"start":{"line":21,"column":37},"end":{"line":21,"column":38}},"loc":{"start":{"line":21,"column":57},"end":{"line":26,"column":1}},"line":21},"2":{"name":"(anonymous_2)","decl":{"start":{"line":30,"column":23},"end":{"line":30,"column":24}},"loc":{"start":{"line":30,"column":43},"end":{"line":43,"column":1}},"line":30},"3":{"name":"(anonymous_3)","decl":{"start":{"line":47,"column":25},"end":{"line":47,"column":26}},"loc":{"start":{"line":47,"column":45},"end":{"line":61,"column":1}},"line":47},"4":{"name":"(anonymous_4)","decl":{"start":{"line":67,"column":37},"end":{"line":67,"column":38}},"loc":{"start":{"line":67,"column":57},"end":{"line":72,"column":1}},"line":67}},"branchMap":{"0":{"loc":{"start":{"line":23,"column":2},"end":{"line":23,"column":73}},"type":"if","locations":[{"start":{"line":23,"column":2},"end":{"line":23,"column":73}},{"start":{"line":23,"column":2},"end":{"line":23,"column":73}}],"line":23},"1":{"loc":{"start":{"line":34,"column":2},"end":{"line":34,"column":67}},"type":"if","locations":[{"start":{"line":34,"column":2},"end":{"line":34,"column":67}},{"start":{"line":34,"column":2},"end":{"line":34,"column":67}}],"line":34},"2":{"loc":{"start":{"line":51,"column":2},"end":{"line":51,"column":67}},"type":"if","locations":[{"start":{"line":51,"column":2},"end":{"line":51,"column":67}},{"start":{"line":51,"column":2},"end":{"line":51,"column":67}}],"line":51},"3":{"loc":{"start":{"line":58,"column":2},"end":{"line":58,"column":73}},"type":"if","locations":[{"start":{"line":58,"column":2},"end":{"line":58,"column":73}},{"start":{"line":58,"column":2},"end":{"line":58,"column":73}}],"line":58},"4":{"loc":{"start":{"line":69,"column":2},"end":{"line":69,"column":73}},"type":"if","locations":[{"start":{"line":69,"column":2},"end":{"line":69,"column":73}},{"start":{"line":69,"column":2},"end":{"line":69,"column":73}}],"line":69}},"s":{"0":2,"1":2,"2":2,"3":2,"4":2,"5":2,"6":2,"7":2,"8":1,"9":1,"10":2,"11":2,"12":2,"13":1,"14":1,"15":2,"16":5,"17":5,"18":2,"19":3,"20":3,"21":3,"22":2,"23":0,"24":0,"25":0,"26":0,"27":0,"28":0,"29":0,"30":2,"31":0,"32":0,"33":0,"34":0,"35":2},"f":{"0":1,"1":2,"2":5,"3":0,"4":0},"b":{"0":[1,1],"1":[2,3],"2":[0,0],"3":[0,0],"4":[0,0]},"_coverageSchema":"1a1c01bbd47fc00a2c39e90264f33305004495a9","hash":"78d275b6533d329c2f54e48e74b58a10e4194539"}
,"/home/marceau/code/marceau21/node.js/vidly-api-project-mongoDB/routes/home.js": {"path":"/home/marceau/code/marceau21/node.js/vidly-api-project-mongoDB/routes/home.js","statementMap":{"0":{"start":{"line":1,"column":16},"end":{"line":1,"column":34}},"1":{"start":{"line":2,"column":15},"end":{"line":2,"column":31}},"2":{"start":{"line":5,"column":0},"end":{"line":10,"column":3}},"3":{"start":{"line":6,"column":2},"end":{"line":9,"column":4}},"4":{"start":{"line":12,"column":0},"end":{"line":12,"column":24}}},"fnMap":{"0":{"name":"(anonymous_0)","decl":{"start":{"line":5,"column":16},"end":{"line":5,"column":17}},"loc":{"start":{"line":5,"column":30},"end":{"line":10,"column":1}},"line":5}},"branchMap":{},"s":{"0":2,"1":2,"2":2,"3":0,"4":2},"f":{"0":0},"b":{},"_coverageSchema":"1a1c01bbd47fc00a2c39e90264f33305004495a9","hash":"6134c44290e38661a412328a18f2ad3d03a66aa5"}
,"/home/marceau/code/marceau21/node.js/vidly-api-project-mongoDB/routes/movies.js": {"path":"/home/marceau/code/marceau21/node.js/vidly-api-project-mongoDB/routes/movies.js","statementMap":{"0":{"start":{"line":4,"column":4},"end":{"line":4,"column":30}},"1":{"start":{"line":7,"column":4},"end":{"line":7,"column":30}},"2":{"start":{"line":8,"column":13},"end":{"line":8,"column":42}},"3":{"start":{"line":11,"column":16},"end":{"line":11,"column":34}},"4":{"start":{"line":12,"column":15},"end":{"line":12,"column":31}},"5":{"start":{"line":16,"column":0},"end":{"line":19,"column":3}},"6":{"start":{"line":17,"column":17},"end":{"line":17,"column":49}},"7":{"start":{"line":18,"column":2},"end":{"line":18,"column":19}},"8":{"start":{"line":21,"column":0},"end":{"line":25,"column":3}},"9":{"start":{"line":22,"column":16},"end":{"line":22,"column":51}},"10":{"start":{"line":23,"column":2},"end":{"line":23,"column":74}},"11":{"start":{"line":23,"column":14},"end":{"line":23,"column":74}},"12":{"start":{"line":24,"column":2},"end":{"line":24,"column":18}},"13":{"start":{"line":29,"column":0},"end":{"line":50,"column":3}},"14":{"start":{"line":32,"column":6},"end":{"line":32,"column":24}},"15":{"start":{"line":33,"column":2},"end":{"line":33,"column":67}},"16":{"start":{"line":33,"column":13},"end":{"line":33,"column":67}},"17":{"start":{"line":35,"column":16},"end":{"line":35,"column":54}},"18":{"start":{"line":36,"column":2},"end":{"line":36,"column":60}},"19":{"start":{"line":36,"column":14},"end":{"line":36,"column":60}},"20":{"start":{"line":38,"column":16},"end":{"line":46,"column":4}},"21":{"start":{"line":48,"column":2},"end":{"line":48,"column":21}},"22":{"start":{"line":49,"column":2},"end":{"line":49,"column":18}},"23":{"start":{"line":54,"column":0},"end":{"line":79,"column":3}},"24":{"start":{"line":57,"column":6},"end":{"line":57,"column":24}},"25":{"start":{"line":58,"column":2},"end":{"line":58,"column":67}},"26":{"start":{"line":58,"column":13},"end":{"line":58,"column":67}},"27":{"start":{"line":60,"column":16},"end":{"line":60,"column":54}},"28":{"start":{"line":61,"column":2},"end":{"line":61,"column":59}},"29":{"start":{"line":61,"column":14},"end":{"line":61,"column":59}},"30":{"start":{"line":63,"column":16},"end":{"line":73,"column":4}},"31":{"start":{"line":75,"column":2},"end":{"line":75,"column":74}},"32":{"start":{"line":75,"column":14},"end":{"line":75,"column":74}},"33":{"start":{"line":77,"column":2},"end":{"line":77,"column":18}},"34":{"start":{"line":83,"column":0},"end":{"line":89,"column":3}},"35":{"start":{"line":84,"column":16},"end":{"line":84,"column":60}},"36":{"start":{"line":86,"column":2},"end":{"line":86,"column":71}},"37":{"start":{"line":86,"column":14},"end":{"line":86,"column":71}},"38":{"start":{"line":88,"column":2},"end":{"line":88,"column":18}},"39":{"start":{"line":92,"column":0},"end":{"line":92,"column":24}}},"fnMap":{"0":{"name":"(anonymous_0)","decl":{"start":{"line":16,"column":16},"end":{"line":16,"column":17}},"loc":{"start":{"line":16,"column":36},"end":{"line":19,"column":1}},"line":16},"1":{"name":"(anonymous_1)","decl":{"start":{"line":21,"column":19},"end":{"line":21,"column":20}},"loc":{"start":{"line":21,"column":39},"end":{"line":25,"column":1}},"line":21},"2":{"name":"(anonymous_2)","decl":{"start":{"line":29,"column":23},"end":{"line":29,"column":24}},"loc":{"start":{"line":29,"column":43},"end":{"line":50,"column":1}},"line":29},"3":{"name":"(anonymous_3)","decl":{"start":{"line":54,"column":25},"end":{"line":54,"column":26}},"loc":{"start":{"line":54,"column":45},"end":{"line":79,"column":1}},"line":54},"4":{"name":"(anonymous_4)","decl":{"start":{"line":83,"column":29},"end":{"line":83,"column":30}},"loc":{"start":{"line":83,"column":49},"end":{"line":89,"column":1}},"line":83}},"branchMap":{"0":{"loc":{"start":{"line":23,"column":2},"end":{"line":23,"column":74}},"type":"if","locations":[{"start":{"line":23,"column":2},"end":{"line":23,"column":74}},{"start":{"line":23,"column":2},"end":{"line":23,"column":74}}],"line":23},"1":{"loc":{"start":{"line":33,"column":2},"end":{"line":33,"column":67}},"type":"if","locations":[{"start":{"line":33,"column":2},"end":{"line":33,"column":67}},{"start":{"line":33,"column":2},"end":{"line":33,"column":67}}],"line":33},"2":{"loc":{"start":{"line":36,"column":2},"end":{"line":36,"column":60}},"type":"if","locations":[{"start":{"line":36,"column":2},"end":{"line":36,"column":60}},{"start":{"line":36,"column":2},"end":{"line":36,"column":60}}],"line":36},"3":{"loc":{"start":{"line":58,"column":2},"end":{"line":58,"column":67}},"type":"if","locations":[{"start":{"line":58,"column":2},"end":{"line":58,"column":67}},{"start":{"line":58,"column":2},"end":{"line":58,"column":67}}],"line":58},"4":{"loc":{"start":{"line":61,"column":2},"end":{"line":61,"column":59}},"type":"if","locations":[{"start":{"line":61,"column":2},"end":{"line":61,"column":59}},{"start":{"line":61,"column":2},"end":{"line":61,"column":59}}],"line":61},"5":{"loc":{"start":{"line":75,"column":2},"end":{"line":75,"column":74}},"type":"if","locations":[{"start":{"line":75,"column":2},"end":{"line":75,"column":74}},{"start":{"line":75,"column":2},"end":{"line":75,"column":74}}],"line":75},"6":{"loc":{"start":{"line":86,"column":2},"end":{"line":86,"column":71}},"type":"if","locations":[{"start":{"line":86,"column":2},"end":{"line":86,"column":71}},{"start":{"line":86,"column":2},"end":{"line":86,"column":71}}],"line":86}},"s":{"0":2,"1":2,"2":2,"3":2,"4":2,"5":2,"6":0,"7":0,"8":2,"9":0,"10":0,"11":0,"12":0,"13":2,"14":0,"15":0,"16":0,"17":0,"18":0,"19":0,"20":0,"21":0,"22":0,"23":2,"24":0,"25":0,"26":0,"27":0,"28":0,"29":0,"30":0,"31":0,"32":0,"33":0,"34":2,"35":0,"36":0,"37":0,"38":0,"39":2},"f":{"0":0,"1":0,"2":0,"3":0,"4":0},"b":{"0":[0,0],"1":[0,0],"2":[0,0],"3":[0,0],"4":[0,0],"5":[0,0],"6":[0,0]},"_coverageSchema":"1a1c01bbd47fc00a2c39e90264f33305004495a9","hash":"43169516bc8ea93945db2aaf0fae8db42b821e59"}
,"/home/marceau/code/marceau21/node.js/vidly-api-project-mongoDB/routes/rentals.js": {"path":"/home/marceau/code/marceau21/node.js/vidly-api-project-mongoDB/routes/rentals.js","statementMap":{"0":{"start":{"line":1,"column":27},"end":{"line":1,"column":54}},"1":{"start":{"line":2,"column":13},"end":{"line":2,"column":42}},"2":{"start":{"line":3,"column":16},"end":{"line":3,"column":42}},"3":{"start":{"line":4,"column":19},"end":{"line":4,"column":48}},"4":{"start":{"line":5,"column":17},"end":{"line":5,"column":36}},"5":{"start":{"line":6,"column":13},"end":{"line":6,"column":28}},"6":{"start":{"line":7,"column":16},"end":{"line":7,"column":34}},"7":{"start":{"line":8,"column":15},"end":{"line":8,"column":31}},"8":{"start":{"line":10,"column":0},"end":{"line":10,"column":20}},"9":{"start":{"line":14,"column":0},"end":{"line":17,"column":3}},"10":{"start":{"line":15,"column":16},"end":{"line":15,"column":52}},"11":{"start":{"line":16,"column":0},"end":{"line":16,"column":18}},"12":{"start":{"line":19,"column":0},"end":{"line":24,"column":3}},"13":{"start":{"line":20,"column":17},"end":{"line":20,"column":53}},"14":{"start":{"line":21,"column":2},"end":{"line":21,"column":74}},"15":{"start":{"line":21,"column":14},"end":{"line":21,"column":74}},"16":{"start":{"line":23,"column":2},"end":{"line":23,"column":19}},"17":{"start":{"line":28,"column":0},"end":{"line":71,"column":3}},"18":{"start":{"line":29,"column":20},"end":{"line":29,"column":38}},"19":{"start":{"line":30,"column":2},"end":{"line":30,"column":68}},"20":{"start":{"line":30,"column":12},"end":{"line":30,"column":68}},"21":{"start":{"line":32,"column":16},"end":{"line":32,"column":54}},"22":{"start":{"line":33,"column":2},"end":{"line":33,"column":64}},"23":{"start":{"line":33,"column":14},"end":{"line":33,"column":64}},"24":{"start":{"line":34,"column":2},"end":{"line":34,"column":82}},"25":{"start":{"line":34,"column":33},"end":{"line":34,"column":82}},"26":{"start":{"line":36,"column":19},"end":{"line":36,"column":63}},"27":{"start":{"line":37,"column":2},"end":{"line":37,"column":70}},"28":{"start":{"line":37,"column":17},"end":{"line":37,"column":70}},"29":{"start":{"line":39,"column":17},"end":{"line":51,"column":4}},"30":{"start":{"line":53,"column":2},"end":{"line":65,"column":3}},"31":{"start":{"line":54,"column":4},"end":{"line":59,"column":11}},"32":{"start":{"line":61,"column":4},"end":{"line":61,"column":21}},"33":{"start":{"line":64,"column":4},"end":{"line":64,"column":45}},"34":{"start":{"line":75,"column":0},"end":{"line":102,"column":3}},"35":{"start":{"line":78,"column":8},"end":{"line":78,"column":26}},"36":{"start":{"line":79,"column":4},"end":{"line":79,"column":71}},"37":{"start":{"line":79,"column":15},"end":{"line":79,"column":71}},"38":{"start":{"line":81,"column":18},"end":{"line":81,"column":56}},"39":{"start":{"line":82,"column":4},"end":{"line":82,"column":66}},"40":{"start":{"line":82,"column":16},"end":{"line":82,"column":66}},"41":{"start":{"line":83,"column":4},"end":{"line":83,"column":84}},"42":{"start":{"line":83,"column":35},"end":{"line":83,"column":84}},"43":{"start":{"line":85,"column":21},"end":{"line":85,"column":65}},"44":{"start":{"line":86,"column":4},"end":{"line":86,"column":72}},"45":{"start":{"line":86,"column":19},"end":{"line":86,"column":72}},"46":{"start":{"line":88,"column":19},"end":{"line":100,"column":19}},"47":{"start":{"line":101,"column":4},"end":{"line":101,"column":68}},"48":{"start":{"line":101,"column":17},"end":{"line":101,"column":68}},"49":{"start":{"line":104,"column":0},"end":{"line":104,"column":24}}},"fnMap":{"0":{"name":"(anonymous_0)","decl":{"start":{"line":14,"column":22},"end":{"line":14,"column":23}},"loc":{"start":{"line":14,"column":42},"end":{"line":17,"column":1}},"line":14},"1":{"name":"(anonymous_1)","decl":{"start":{"line":19,"column":25},"end":{"line":19,"column":26}},"loc":{"start":{"line":19,"column":45},"end":{"line":24,"column":1}},"line":19},"2":{"name":"(anonymous_2)","decl":{"start":{"line":28,"column":23},"end":{"line":28,"column":24}},"loc":{"start":{"line":28,"column":43},"end":{"line":71,"column":1}},"line":28},"3":{"name":"(anonymous_3)","decl":{"start":{"line":75,"column":25},"end":{"line":75,"column":26}},"loc":{"start":{"line":75,"column":45},"end":{"line":102,"column":1}},"line":75}},"branchMap":{"0":{"loc":{"start":{"line":21,"column":2},"end":{"line":21,"column":74}},"type":"if","locations":[{"start":{"line":21,"column":2},"end":{"line":21,"column":74}},{"start":{"line":21,"column":2},"end":{"line":21,"column":74}}],"line":21},"1":{"loc":{"start":{"line":30,"column":2},"end":{"line":30,"column":68}},"type":"if","locations":[{"start":{"line":30,"column":2},"end":{"line":30,"column":68}},{"start":{"line":30,"column":2},"end":{"line":30,"column":68}}],"line":30},"2":{"loc":{"start":{"line":33,"column":2},"end":{"line":33,"column":64}},"type":"if","locations":[{"start":{"line":33,"column":2},"end":{"line":33,"column":64}},{"start":{"line":33,"column":2},"end":{"line":33,"column":64}}],"line":33},"3":{"loc":{"start":{"line":34,"column":2},"end":{"line":34,"column":82}},"type":"if","locations":[{"start":{"line":34,"column":2},"end":{"line":34,"column":82}},{"start":{"line":34,"column":2},"end":{"line":34,"column":82}}],"line":34},"4":{"loc":{"start":{"line":37,"column":2},"end":{"line":37,"column":70}},"type":"if","locations":[{"start":{"line":37,"column":2},"end":{"line":37,"column":70}},{"start":{"line":37,"column":2},"end":{"line":37,"column":70}}],"line":37},"5":{"loc":{"start":{"line":79,"column":4},"end":{"line":79,"column":71}},"type":"if","locations":[{"start":{"line":79,"column":4},"end":{"line":79,"column":71}},{"start":{"line":79,"column":4},"end":{"line":79,"column":71}}],"line":79},"6":{"loc":{"start":{"line":82,"column":4},"end":{"line":82,"column":66}},"type":"if","locations":[{"start":{"line":82,"column":4},"end":{"line":82,"column":66}},{"start":{"line":82,"column":4},"end":{"line":82,"column":66}}],"line":82},"7":{"loc":{"start":{"line":83,"column":4},"end":{"line":83,"column":84}},"type":"if","locations":[{"start":{"line":83,"column":4},"end":{"line":83,"column":84}},{"start":{"line":83,"column":4},"end":{"line":83,"column":84}}],"line":83},"8":{"loc":{"start":{"line":86,"column":4},"end":{"line":86,"column":72}},"type":"if","locations":[{"start":{"line":86,"column":4},"end":{"line":86,"column":72}},{"start":{"line":86,"column":4},"end":{"line":86,"column":72}}],"line":86},"9":{"loc":{"start":{"line":101,"column":4},"end":{"line":101,"column":68}},"type":"if","locations":[{"start":{"line":101,"column":4},"end":{"line":101,"column":68}},{"start":{"line":101,"column":4},"end":{"line":101,"column":68}}],"line":101}},"s":{"0":2,"1":2,"2":2,"3":2,"4":2,"5":2,"6":2,"7":2,"8":2,"9":2,"10":0,"11":0,"12":2,"13":0,"14":0,"15":0,"16":0,"17":2,"18":0,"19":0,"20":0,"21":0,"22":0,"23":0,"24":0,"25":0,"26":0,"27":0,"28":0,"29":0,"30":0,"31":0,"32":0,"33":0,"34":2,"35":0,"36":0,"37":0,"38":0,"39":0,"40":0,"41":0,"42":0,"43":0,"44":0,"45":0,"46":0,"47":0,"48":0,"49":2},"f":{"0":0,"1":0,"2":0,"3":0},"b":{"0":[0,0],"1":[0,0],"2":[0,0],"3":[0,0],"4":[0,0],"5":[0,0],"6":[0,0],"7":[0,0],"8":[0,0],"9":[0,0]},"_coverageSchema":"1a1c01bbd47fc00a2c39e90264f33305004495a9","hash":"f1a9ddfd041542be61c10a82f90aaf30e6ba37dc"}
,"/home/marceau/code/marceau21/node.js/vidly-api-project-mongoDB/routes/users.js": {"path":"/home/marceau/code/marceau21/node.js/vidly-api-project-mongoDB/routes/users.js","statementMap":{"0":{"start":{"line":1,"column":12},"end":{"line":1,"column":35}},"1":{"start":{"line":2,"column":15},"end":{"line":2,"column":32}},"2":{"start":{"line":3,"column":15},"end":{"line":3,"column":32}},"3":{"start":{"line":4,"column":16},"end":{"line":4,"column":34}},"4":{"start":{"line":5,"column":10},"end":{"line":5,"column":27}},"5":{"start":{"line":6,"column":15},"end":{"line":6,"column":31}},"6":{"start":{"line":7,"column":17},"end":{"line":7,"column":36}},"7":{"start":{"line":11,"column":4},"end":{"line":11,"column":29}},"8":{"start":{"line":12,"column":13},"end":{"line":12,"column":42}},"9":{"start":{"line":15,"column":0},"end":{"line":19,"column":3}},"10":{"start":{"line":16,"column":15},"end":{"line":16,"column":68}},"11":{"start":{"line":18,"column":2},"end":{"line":18,"column":17}},"12":{"start":{"line":23,"column":0},"end":{"line":46,"column":3}},"13":{"start":{"line":26,"column":6},"end":{"line":26,"column":24}},"14":{"start":{"line":27,"column":2},"end":{"line":27,"column":67}},"15":{"start":{"line":27,"column":13},"end":{"line":27,"column":67}},"16":{"start":{"line":29,"column":13},"end":{"line":31,"column":4}},"17":{"start":{"line":32,"column":2},"end":{"line":32,"column":67}},"18":{"start":{"line":32,"column":12},"end":{"line":32,"column":67}},"19":{"start":{"line":34,"column":2},"end":{"line":36,"column":4}},"20":{"start":{"line":38,"column":15},"end":{"line":38,"column":39}},"21":{"start":{"line":39,"column":2},"end":{"line":39,"column":57}},"22":{"start":{"line":41,"column":2},"end":{"line":41,"column":20}},"23":{"start":{"line":43,"column":16},"end":{"line":43,"column":40}},"24":{"start":{"line":44,"column":2},"end":{"line":44,"column":81}},"25":{"start":{"line":48,"column":0},"end":{"line":48,"column":24}}},"fnMap":{"0":{"name":"(anonymous_0)","decl":{"start":{"line":15,"column":24},"end":{"line":15,"column":25}},"loc":{"start":{"line":15,"column":44},"end":{"line":19,"column":1}},"line":15},"1":{"name":"(anonymous_1)","decl":{"start":{"line":23,"column":17},"end":{"line":23,"column":18}},"loc":{"start":{"line":23,"column":37},"end":{"line":46,"column":1}},"line":23}},"branchMap":{"0":{"loc":{"start":{"line":27,"column":2},"end":{"line":27,"column":67}},"type":"if","locations":[{"start":{"line":27,"column":2},"end":{"line":27,"column":67}},{"start":{"line":27,"column":2},"end":{"line":27,"column":67}}],"line":27},"1":{"loc":{"start":{"line":32,"column":2},"end":{"line":32,"column":67}},"type":"if","locations":[{"start":{"line":32,"column":2},"end":{"line":32,"column":67}},{"start":{"line":32,"column":2},"end":{"line":32,"column":67}}],"line":32}},"s":{"0":2,"1":2,"2":2,"3":2,"4":2,"5":2,"6":2,"7":2,"8":2,"9":2,"10":0,"11":0,"12":2,"13":0,"14":0,"15":0,"16":0,"17":0,"18":0,"19":0,"20":0,"21":0,"22":0,"23":0,"24":0,"25":2},"f":{"0":0,"1":0},"b":{"0":[0,0],"1":[0,0]},"_coverageSchema":"1a1c01bbd47fc00a2c39e90264f33305004495a9","hash":"6c3b13238242bce29cbef7ef9865fdbe50ca04b8"}
,"/home/marceau/code/marceau21/node.js/vidly-api-project-mongoDB/startup/config.js": {"path":"/home/marceau/code/marceau21/node.js/vidly-api-project-mongoDB/startup/config.js","statementMap":{"0":{"start":{"line":1,"column":15},"end":{"line":1,"column":32}},"1":{"start":{"line":3,"column":0},"end":{"line":9,"column":2}},"2":{"start":{"line":4,"column":2},"end":{"line":8,"column":3}},"3":{"start":{"line":5,"column":4},"end":{"line":5,"column":65}}},"fnMap":{"0":{"name":"(anonymous_0)","decl":{"start":{"line":3,"column":17},"end":{"line":3,"column":18}},"loc":{"start":{"line":3,"column":29},"end":{"line":9,"column":1}},"line":3}},"branchMap":{"0":{"loc":{"start":{"line":4,"column":2},"end":{"line":8,"column":3}},"type":"if","locations":[{"start":{"line":4,"column":2},"end":{"line":8,"column":3}},{"start":{"line":4,"column":2},"end":{"line":8,"column":3}}],"line":4}},"s":{"0":2,"1":2,"2":2,"3":0},"f":{"0":2},"b":{"0":[0,2]},"_coverageSchema":"1a1c01bbd47fc00a2c39e90264f33305004495a9","hash":"78cc9fb36a6ca09a41e9de3ecc5d9f3e7ef40fdf"}
,"/home/marceau/code/marceau21/node.js/vidly-api-project-mongoDB/startup/db.js": {"path":"/home/marceau/code/marceau21/node.js/vidly-api-project-mongoDB/startup/db.js","statementMap":{"0":{"start":{"line":1,"column":17},"end":{"line":1,"column":36}},"1":{"start":{"line":2,"column":16},"end":{"line":2,"column":34}},"2":{"start":{"line":3,"column":15},"end":{"line":3,"column":32}},"3":{"start":{"line":5,"column":0},"end":{"line":9,"column":2}},"4":{"start":{"line":6,"column":13},"end":{"line":6,"column":29}},"5":{"start":{"line":7,"column":2},"end":{"line":8,"column":55}},"6":{"start":{"line":8,"column":16},"end":{"line":8,"column":53}}},"fnMap":{"0":{"name":"(anonymous_0)","decl":{"start":{"line":5,"column":17},"end":{"line":5,"column":18}},"loc":{"start":{"line":5,"column":29},"end":{"line":9,"column":1}},"line":5},"1":{"name":"(anonymous_1)","decl":{"start":{"line":8,"column":10},"end":{"line":8,"column":11}},"loc":{"start":{"line":8,"column":16},"end":{"line":8,"column":53}},"line":8}},"branchMap":{},"s":{"0":2,"1":2,"2":2,"3":2,"4":2,"5":2,"6":2},"f":{"0":2,"1":2},"b":{},"_coverageSchema":"1a1c01bbd47fc00a2c39e90264f33305004495a9","hash":"b7c3223f89dcd4f01ec781994ad3359c5d7e3b65"}
,"/home/marceau/code/marceau21/node.js/vidly-api-project-mongoDB/startup/loggin.js": {"path":"/home/marceau/code/marceau21/node.js/vidly-api-project-mongoDB/startup/loggin.js","statementMap":{"0":{"start":{"line":1,"column":16},"end":{"line":1,"column":34}},"1":{"start":{"line":3,"column":0},"end":{"line":3,"column":32}},"2":{"start":{"line":5,"column":0},"end":{"line":35,"column":2}},"3":{"start":{"line":13,"column":2},"end":{"line":18,"column":4}},"4":{"start":{"line":20,"column":2},"end":{"line":25,"column":5}},"5":{"start":{"line":24,"column":4},"end":{"line":24,"column":13}},"6":{"start":{"line":27,"column":2},"end":{"line":29,"column":5}}},"fnMap":{"0":{"name":"(anonymous_0)","decl":{"start":{"line":5,"column":17},"end":{"line":5,"column":18}},"loc":{"start":{"line":5,"column":29},"end":{"line":35,"column":1}},"line":5},"1":{"name":"(anonymous_1)","decl":{"start":{"line":20,"column":35},"end":{"line":20,"column":36}},"loc":{"start":{"line":20,"column":43},"end":{"line":25,"column":3}},"line":20}},"branchMap":{},"s":{"0":2,"1":2,"2":2,"3":2,"4":2,"5":0,"6":2},"f":{"0":2,"1":0},"b":{},"_coverageSchema":"1a1c01bbd47fc00a2c39e90264f33305004495a9","hash":"c24b07677ec262b349b41c65b4d0c82d964a425d"}
,"/home/marceau/code/marceau21/node.js/vidly-api-project-mongoDB/startup/routes.js": {"path":"/home/marceau/code/marceau21/node.js/vidly-api-project-mongoDB/startup/routes.js","statementMap":{"0":{"start":{"line":1,"column":16},"end":{"line":1,"column":34}},"1":{"start":{"line":2,"column":15},"end":{"line":2,"column":32}},"2":{"start":{"line":3,"column":15},"end":{"line":3,"column":42}},"3":{"start":{"line":4,"column":18},"end":{"line":4,"column":48}},"4":{"start":{"line":5,"column":15},"end":{"line":5,"column":42}},"5":{"start":{"line":6,"column":16},"end":{"line":6,"column":44}},"6":{"start":{"line":7,"column":14},"end":{"line":7,"column":40}},"7":{"start":{"line":8,"column":13},"end":{"line":8,"column":38}},"8":{"start":{"line":9,"column":13},"end":{"line":9,"column":38}},"9":{"start":{"line":10,"column":14},"end":{"line":10,"column":44}},"10":{"start":{"line":12,"column":0},"end":{"line":26,"column":2}},"11":{"start":{"line":13,"column":2},"end":{"line":13,"column":26}},"12":{"start":{"line":14,"column":2},"end":{"line":14,"column":50}},"13":{"start":{"line":15,"column":2},"end":{"line":15,"column":36}},"14":{"start":{"line":16,"column":2},"end":{"line":16,"column":20}},"15":{"start":{"line":17,"column":2},"end":{"line":17,"column":33}},"16":{"start":{"line":18,"column":2},"end":{"line":18,"column":21}},"17":{"start":{"line":19,"column":2},"end":{"line":19,"column":33}},"18":{"start":{"line":20,"column":2},"end":{"line":20,"column":39}},"19":{"start":{"line":21,"column":2},"end":{"line":21,"column":33}},"20":{"start":{"line":22,"column":2},"end":{"line":22,"column":35}},"21":{"start":{"line":23,"column":2},"end":{"line":23,"column":31}},"22":{"start":{"line":24,"column":2},"end":{"line":24,"column":29}},"23":{"start":{"line":25,"column":2},"end":{"line":25,"column":17}}},"fnMap":{"0":{"name":"(anonymous_0)","decl":{"start":{"line":12,"column":17},"end":{"line":12,"column":18}},"loc":{"start":{"line":12,"column":32},"end":{"line":26,"column":1}},"line":12}},"branchMap":{},"s":{"0":2,"1":2,"2":2,"3":2,"4":2,"5":2,"6":2,"7":2,"8":2,"9":2,"10":2,"11":2,"12":2,"13":2,"14":2,"15":2,"16":2,"17":2,"18":2,"19":2,"20":2,"21":2,"22":2,"23":2},"f":{"0":2},"b":{},"_coverageSchema":"1a1c01bbd47fc00a2c39e90264f33305004495a9","hash":"d3aa3bcdbab6228b2f73ccb97a573390efe2f7cd"}
,"/home/marceau/code/marceau21/node.js/vidly-api-project-mongoDB/startup/validation.js": {"path":"/home/marceau/code/marceau21/node.js/vidly-api-project-mongoDB/startup/validation.js","statementMap":{"0":{"start":{"line":1,"column":12},"end":{"line":1,"column":26}},"1":{"start":{"line":3,"column":0},"end":{"line":5,"column":2}},"2":{"start":{"line":4,"column":2},"end":{"line":4,"column":46}}},"fnMap":{"0":{"name":"(anonymous_0)","decl":{"start":{"line":3,"column":17},"end":{"line":3,"column":18}},"loc":{"start":{"line":3,"column":29},"end":{"line":5,"column":1}},"line":3}},"branchMap":{},"s":{"0":2,"1":2,"2":2},"f":{"0":2},"b":{},"_coverageSchema":"1a1c01bbd47fc00a2c39e90264f33305004495a9","hash":"7d158b9a74ab1e92fd92718df02f47ae111b6f3b"}
}
